mode: set
github.com/spiffcp/fohnhab/instrumentation.go:21.119,22.30 1 1
github.com/spiffcp/fohnhab/instrumentation.go:27.2,28.8 2 1
github.com/spiffcp/fohnhab/instrumentation.go:22.30,26.3 3 1
github.com/spiffcp/fohnhab/instrumentation.go:31.53,40.2 3 1
github.com/spiffcp/fohnhab/instrumentation.go:42.55,51.2 3 1
github.com/spiffcp/fohnhab/logging.go:14.51,15.56 1 1
github.com/spiffcp/fohnhab/logging.go:15.56,16.74 1 1
github.com/spiffcp/fohnhab/logging.go:16.74,20.4 3 1
github.com/spiffcp/fohnhab/logging.go:30.113,31.30 1 1
github.com/spiffcp/fohnhab/logging.go:40.2,41.8 2 1
github.com/spiffcp/fohnhab/logging.go:31.30,38.3 1 1
github.com/spiffcp/fohnhab/server_http.go:13.75,22.2 4 1
github.com/spiffcp/fohnhab/service.go:20.42,28.2 7 1
github.com/spiffcp/fohnhab/service.go:30.96,38.14 3 1
github.com/spiffcp/fohnhab/service.go:47.2,47.23 1 1
github.com/spiffcp/fohnhab/service.go:39.17,43.53 4 1
github.com/spiffcp/fohnhab/service.go:44.10,45.46 1 1
github.com/spiffcp/fohnhab/transport.go:32.60,37.2 4 1
github.com/spiffcp/fohnhab/transport.go:40.61,41.77 1 1
github.com/spiffcp/fohnhab/transport.go:41.77,48.17 4 1
github.com/spiffcp/fohnhab/transport.go:53.3,54.19 2 1
github.com/spiffcp/fohnhab/transport.go:48.17,52.4 3 1
github.com/spiffcp/fohnhab/transport.go:59.96,63.2 3 1
github.com/spiffcp/fohnhab/transport.go:66.90,69.60 3 1
github.com/spiffcp/fohnhab/transport.go:72.2,72.17 1 1
github.com/spiffcp/fohnhab/transport.go:69.60,71.3 1 1
github.com/spiffcp/fohnhab/transport.go:75.92,79.2 3 1
github.com/spiffcp/fohnhab/transport.go:82.104,84.15 2 1
github.com/spiffcp/fohnhab/transport.go:87.2,88.44 2 1
github.com/spiffcp/fohnhab/transport.go:84.15,86.3 1 1
